<?xml version="1.0" encoding="UTF-8"?>
<!-- Generated by org.testng.reporters.JUnitReportReporter -->
<testsuite hostname="DhanviJashu" failures="0" tests="2" name="cucumberOptions.TestRunner" time="23.538" errors="1" timestamp="2026-04-14T13:08:35 PDT" skipped="0">
  <testcase classname="cucumberOptions.TestRunner" name="runScenario" time="6.635"/>
  <testcase classname="cucumberOptions.TestRunner" name="runScenario" time="16.903">
    <error message="element click intercepted: Element &lt;input type=&quot;checkbox&quot; id=&quot;chkboxOne&quot; name=&quot;chkboxOne&quot; value=&quot;rmbrUsername&quot;&gt; is not clickable at point (479, 380). Other element would receive the click: &lt;label for=&quot;chkboxOne&quot;&gt;...&lt;/label&gt;
  (Session info: chrome=147.0.7727.56)
Build info: version: &#039;4.20.0&#039;, revision: &#039;866c76ca80&#039;
System info: os.name: &#039;Windows 11&#039;, os.arch: &#039;amd64&#039;, os.version: &#039;10.0&#039;, java.version: &#039;21.0.6&#039;
Driver info: org.openqa.selenium.chrome.ChromeDriver
Command: [8a95a9d03a098fde80efc2142318f84f, clickElement {id=f.A6E01393E7AF2701C6DC77E5E5842271.d.E732B52B0E8803049DF7CA8094EC1398.e.4}]
Capabilities {acceptInsecureCerts: false, browserName: chrome, browserVersion: 147.0.7727.56, chrome: {chromedriverVersion: 147.0.7727.56 (b28eac7a1a97..., userDataDir: C:\Users\neelu\AppData\Loca...}, fedcm:accounts: true, goog:chromeOptions: {debuggerAddress: localhost:49688}, goog:processID: 28524, networkConnectionEnabled: false, pageLoadStrategy: normal, platformName: windows, proxy: Proxy(), se:cdp: ws://localhost:49688/devtoo..., se:cdpVersion: 147.0.7727.56, setWindowRect: true, strictFileInteractability: false, timeouts: {implicit: 0, pageLoad: 300000, script: 30000}, unhandledPromptBehavior: dismiss and notify, webauthn:extension:credBlob: true, webauthn:extension:largeBlob: true, webauthn:extension:minPinLength: true, webauthn:extension:prf: true, webauthn:virtualAuthenticators: true}
Element: [[ChromeDriver: chrome on windows (8a95a9d03a098fde80efc2142318f84f)] -&gt; id: chkboxOne]
Session ID: 8a95a9d03a098fde80efc2142318f84f" type="org.openqa.selenium.ElementClickInterceptedException">
      <![CDATA[org.openqa.selenium.ElementClickInterceptedException: element click intercepted: Element <input type="checkbox" id="chkboxOne" name="chkboxOne" value="rmbrUsername"> is not clickable at point (479, 380). Other element would receive the click: <label for="chkboxOne">...</label>
  (Session info: chrome=147.0.7727.56)
Build info: version: '4.20.0', revision: '866c76ca80'
System info: os.name: 'Windows 11', os.arch: 'amd64', os.version: '10.0', java.version: '21.0.6'
Driver info: org.openqa.selenium.chrome.ChromeDriver
Command: [8a95a9d03a098fde80efc2142318f84f, clickElement {id=f.A6E01393E7AF2701C6DC77E5E5842271.d.E732B52B0E8803049DF7CA8094EC1398.e.4}]
Capabilities {acceptInsecureCerts: false, browserName: chrome, browserVersion: 147.0.7727.56, chrome: {chromedriverVersion: 147.0.7727.56 (b28eac7a1a97..., userDataDir: C:\Users\neelu\AppData\Loca...}, fedcm:accounts: true, goog:chromeOptions: {debuggerAddress: localhost:49688}, goog:processID: 28524, networkConnectionEnabled: false, pageLoadStrategy: normal, platformName: windows, proxy: Proxy(), se:cdp: ws://localhost:49688/devtoo..., se:cdpVersion: 147.0.7727.56, setWindowRect: true, strictFileInteractability: false, timeouts: {implicit: 0, pageLoad: 300000, script: 30000}, unhandledPromptBehavior: dismiss and notify, webauthn:extension:credBlob: true, webauthn:extension:largeBlob: true, webauthn:extension:minPinLength: true, webauthn:extension:prf: true, webauthn:virtualAuthenticators: true}
Element: [[ChromeDriver: chrome on windows (8a95a9d03a098fde80efc2142318f84f)] -> id: chkboxOne]
Session ID: 8a95a9d03a098fde80efc2142318f84f
at java.base/jdk.internal.reflect.DirectConstructorHandleAccessor.newInstance(DirectConstructorHandleAccessor.java:62)
at java.base/java.lang.reflect.Constructor.newInstanceWithCaller(Constructor.java:502)
at java.base/java.lang.reflect.Constructor.newInstance(Constructor.java:486)
at org.openqa.selenium.remote.ErrorCodec.decode(ErrorCodec.java:167)
at org.openqa.selenium.remote.codec.w3c.W3CHttpResponseCodec.decode(W3CHttpResponseCodec.java:138)
at org.openqa.selenium.remote.codec.w3c.W3CHttpResponseCodec.decode(W3CHttpResponseCodec.java:50)
at org.openqa.selenium.remote.HttpCommandExecutor.execute(HttpCommandExecutor.java:190)
at org.openqa.selenium.remote.service.DriverCommandExecutor.invokeExecute(DriverCommandExecutor.java:216)
at org.openqa.selenium.remote.service.DriverCommandExecutor.execute(DriverCommandExecutor.java:174)
at org.openqa.selenium.remote.RemoteWebDriver.execute(RemoteWebDriver.java:518)
at org.openqa.selenium.remote.RemoteWebElement.execute(RemoteWebElement.java:223)
at org.openqa.selenium.remote.RemoteWebElement.click(RemoteWebElement.java:76)
at java.base/jdk.internal.reflect.DirectMethodHandleAccessor.invoke(DirectMethodHandleAccessor.java:103)
at java.base/java.lang.reflect.Method.invoke(Method.java:580)
at org.openqa.selenium.support.pagefactory.internal.LocatingElementHandler.invoke(LocatingElementHandler.java:51)
at jdk.proxy2/jdk.proxy2.$Proxy26.click(Unknown Source)
at pageObjects.LocatorsPage.clickCheckBoxOne(LocatorsPage.java:51)
at stepDefs.LocatorsPageSteps.user_checks_check_boxes_and_get_text(LocatorsPageSteps.java:51)
at ✽.user checks check boxes and get text(file:///C:/Users/neelu/eclipse-workspace/CucumberFramework/src/test/java/features/locators.feature:27)
]]>
    </error>
  </testcase> <!-- runScenario -->
</testsuite> <!-- cucumberOptions.TestRunner -->
